#
# There is insufficient memory for the Java Runtime Environment to continue.
# Native memory allocation (malloc) failed to allocate 1048576 bytes for AllocateHeap
# Possible reasons:
#   The system is out of physical RAM or swap space
#   In 32 bit mode, the process size limit was hit
# Possible solutions:
#   Reduce memory load on the system
#   Increase physical memory or swap space
#   Check if swap backing store is full
#   Use 64 bit Java on a 64 bit OS
#   Decrease Java heap size (-Xmx/-Xms)
#   Decrease number of Java threads
#   Decrease Java thread stack sizes (-Xss)
#   Set larger code cache with -XX:ReservedCodeCacheSize=
# This output file may be truncated or incomplete.
#
#  Out of Memory Error (memory/allocation.inline.hpp:61), pid=14188, tid=0x00000000000017c8
#
# JRE version:  (8.0_161-b12) (build )
# Java VM: Java HotSpot(TM) 64-Bit Server VM (25.161-b12 mixed mode windows-amd64 compressed oops)
# Failed to write core dump. Minidumps are not enabled by default on client versions of Windows
#

---------------  T H R E A D  ---------------

Current thread (0x0000000002622800):  JavaThread "Unknown thread" [_thread_in_vm, id=6088, stack(0x0000000002520000,0x0000000002620000)]

Stack: [0x0000000002520000,0x0000000002620000]
[error occurred during error reporting (printing stack bounds), id 0xc0000005]

Native frames: (J=compiled Java code, j=interpreted, Vv=VM code, C=native code)


---------------  P R O C E S S  ---------------

Java Threads: ( => current thread )

Other Threads:

=>0x0000000002622800 (exited) JavaThread "Unknown thread" [_thread_in_vm, id=6088, stack(0x0000000002520000,0x0000000002620000)]

VM state:not at safepoint (normal execution)

VM Mutex/Monitor currently owned by a thread: None

Heap:
 PSYoungGen      total 37888K, used 655K [0x00000000d6400000, 0x00000000d8e00000, 0x0000000100000000)
  eden space 32768K, 2% used [0x00000000d6400000,0x00000000d64a3d80,0x00000000d8400000)
  from space 5120K, 0% used [0x00000000d8900000,0x00000000d8900000,0x00000000d8e00000)
  to   space 5120K, 0% used [0x00000000d8400000,0x00000000d8400000,0x00000000d8900000)
 ParOldGen       total 86016K, used 0K [0x0000000082c00000, 0x0000000088000000, 0x00000000d6400000)
  object space 86016K, 0% used [0x0000000082c00000,0x0000000082c00000,0x0000000088000000)
 Metaspace       used 770K, capacity 4480K, committed 4480K, reserved 1056768K
  class space    used 75K, capacity 384K, committed 384K, reserved 1048576K

Card table byte_map: [0x0000000011ae0000,0x0000000011ed0000] byte_map_base: 0x00000000116ca000

Marking Bits: (ParMarkBitMap*) 0x000000005c12f860
 Begin Bits: [0x0000000012570000, 0x00000000144c0000)
 End Bits:   [0x00000000144c0000, 0x0000000016410000)

Polling page: 0x0000000000730000

CodeCache: size=245760Kb used=328Kb max_used=328Kb free=245431Kb
 bounds [0x0000000002720000, 0x0000000002990000, 0x0000000011720000]
 total_blobs=58 nmethods=0 adapters=38
 compilation: enabled

Compilation events (0 events):
No events

GC Heap History (0 events):
No events

Deoptimization events (0 events):
No events

Classes redefined (0 events):
No events

Internal exceptions (0 events):
No events

Events (10 events):
Event: 0.024 loading class java/lang/Short
Event: 0.024 loading class java/lang/Short done
Event: 0.024 loading class java/lang/Integer
Event: 0.024 loading class java/lang/Integer done
Event: 0.024 loading class java/lang/Long
Event: 0.024 loading class java/lang/Long done
Event: 0.025 loading class java/lang/NullPointerException
Event: 0.025 loading class java/lang/NullPointerException done
Event: 0.025 loading class java/lang/ArithmeticException
Event: 0.025 loading class java/lang/ArithmeticException done


Dynamic libraries:
0x00007ff6205e0000 - 0x00007ff620617000 	C:\Program Files\Java\jdk1.8.0_161\bin\java.exe
0x00007fffb75b0000 - 0x00007fffb7791000 	C:\WINDOWS\SYSTEM32\ntdll.dll
0x00007fffb52a0000 - 0x00007fffb5352000 	C:\WINDOWS\System32\KERNEL32.DLL
0x00007fffb4580000 - 0x00007fffb47f3000 	C:\WINDOWS\System32\KERNELBASE.dll
0x00007fffb5560000 - 0x00007fffb5601000 	C:\WINDOWS\System32\ADVAPI32.dll
0x00007fffb5680000 - 0x00007fffb571e000 	C:\WINDOWS\System32\msvcrt.dll
0x00007fffb70c0000 - 0x00007fffb711b000 	C:\WINDOWS\System32\sechost.dll
0x00007fffb7310000 - 0x00007fffb7434000 	C:\WINDOWS\System32\RPCRT4.dll
0x00007fffb53d0000 - 0x00007fffb5560000 	C:\WINDOWS\System32\USER32.dll
0x00007fffb44c0000 - 0x00007fffb44e0000 	C:\WINDOWS\System32\win32u.dll
0x00007fffb5ab0000 - 0x00007fffb5ad8000 	C:\WINDOWS\System32\GDI32.dll
0x00007fffb4320000 - 0x00007fffb44b2000 	C:\WINDOWS\System32\gdi32full.dll
0x00007fffb44e0000 - 0x00007fffb457f000 	C:\WINDOWS\System32\msvcp_win.dll
0x00007fffb4800000 - 0x00007fffb48fa000 	C:\WINDOWS\System32\ucrtbase.dll
0x00007fffa6bf0000 - 0x00007fffa6e59000 	C:\WINDOWS\WinSxS\amd64_microsoft.windows.common-controls_6595b64144ccf1df_6.0.17134.48_none_b4b2216a3cb4dd3e\COMCTL32.dll
0x00007fffb4a90000 - 0x00007fffb4db3000 	C:\WINDOWS\System32\combase.dll
0x00007fffb3b90000 - 0x00007fffb3c0a000 	C:\WINDOWS\System32\bcryptPrimitives.dll
0x00007fffb5270000 - 0x00007fffb529d000 	C:\WINDOWS\System32\IMM32.DLL
0x000000005c490000 - 0x000000005c562000 	C:\Program Files\Java\jdk1.8.0_161\jre\bin\msvcr100.dll
0x000000005b910000 - 0x000000005c1af000 	C:\Program Files\Java\jdk1.8.0_161\jre\bin\server\jvm.dll
0x00007fffb7440000 - 0x00007fffb7448000 	C:\WINDOWS\System32\PSAPI.DLL
0x00007fffa70a0000 - 0x00007fffa70aa000 	C:\WINDOWS\SYSTEM32\VERSION.dll
0x00007fffa87d0000 - 0x00007fffa87d9000 	C:\WINDOWS\SYSTEM32\WSOCK32.dll
0x00007fffb5610000 - 0x00007fffb567c000 	C:\WINDOWS\System32\WS2_32.dll
0x00007fffb1b00000 - 0x00007fffb1b23000 	C:\WINDOWS\SYSTEM32\WINMM.dll
0x00007fffb1ad0000 - 0x00007fffb1afa000 	C:\WINDOWS\SYSTEM32\WINMMBASE.dll
0x00007fffb3b40000 - 0x00007fffb3b89000 	C:\WINDOWS\System32\cfgmgr32.dll
0x000000005c440000 - 0x000000005c44f000 	C:\Program Files\Java\jdk1.8.0_161\jre\bin\verify.dll
0x000000005c410000 - 0x000000005c439000 	C:\Program Files\Java\jdk1.8.0_161\jre\bin\java.dll
0x000000005c3f0000 - 0x000000005c406000 	C:\Program Files\Java\jdk1.8.0_161\jre\bin\zip.dll

VM Arguments:
java_command: <unknown>
java_class_path (initial): .
Launcher Type: SUN_STANDARD

Environment Variables:
JAVA_HOME=C:\Program Files\Java\jdk1.8.0_161
PATH=C:\ProgramData\Oracle\Java\javapath;C:\Program Files (x86)\Java\jdk1.8.0_161;C:\WINDOWS\system32;C:\WINDOWS;C:\WINDOWS\System32\Wbem;C:\WINDOWS\System32\WindowsPowerShell\v1.0\;C:\Program Files (x86)\MATLAB\MATLAB Production Server\R2015a\runtime\win32;C:\Program Files (x86)\MATLAB\MATLAB Production Server\R2015a\bin;C:\Program Files (x86)\MATLAB\MATLAB Production Server\R2015a\polyspace\bin;C:\Program Files (x86)\GtkSharp\2.12\bin;c:\Program Files (x86)\Microsoft SQL Server\110\Tools\Binn\;c:\Program Files\Microsoft SQL Server\110\Tools\Binn\;c:\Program Files\Microsoft SQL Server\110\DTS\Binn\;c:\Program Files (x86)\Microsoft SQL Server\110\Tools\Binn\ManagementStudio\;c:\Program Files (x86)\Microsoft SQL Server\110\DTS\Binn\;%MAVEN_HOME%\bin;C:\Users\Dell\Anaconda3;C:\Users\Dell\Anaconda3\Scripts;C:\Program Files (x86)\BaseX\bin;C:\WINDOWS\System32\OpenSSH\;C:\Program Files\nodejs\;C:\Users\Dell\AppData\Local\Programs\Python\Python36-32\Scripts\;C:\Users\Dell\AppData\Local\Programs\Python\Python36-32\;C:\dev\tools\apache-maven-3.5.2\bin;C:\Program Files\Java\jdk1.8.0_161;C:\dev\glassfish4\bin;C:\Users\Dell\Anaconda3;C:\Users\Dell\Anaconda3\Scripts;;C:\Users\Dell\AppData\Local\Microsoft\WindowsApps;C:\Users\Dell\AppData\Roaming\npm
USERNAME=Dell
OS=Windows_NT
PROCESSOR_IDENTIFIER=Intel64 Family 6 Model 78 Stepping 3, GenuineIntel



---------------  S Y S T E M  ---------------

OS: Windows 10.0 , 64 bit Build 17134 (10.0.17134.1)

CPU:total 4 (initial active 4) (2 cores per cpu, 2 threads per core) family 6 model 78 stepping 3, cmov, cx8, fxsr, mmx, sse, sse2, sse3, ssse3, sse4.1, sse4.2, popcnt, avx, avx2, aes, clmul, erms, rtm, 3dnowpref, lzcnt, ht, tsc, tscinvbit, bmi1, bmi2, adx

Memory: 4k page, physical 8203552k(1249140k free), swap 8203552k(5212k free)

vm_info: Java HotSpot(TM) 64-Bit Server VM (25.161-b12) for windows-amd64 JRE (1.8.0_161-b12), built on Dec 19 2017 17:52:25 by "java_re" with MS VC++ 10.0 (VS2010)

time: Fri Jun 01 02:04:28 2018
elapsed time: 0 seconds (0d 0h 0m 0s)

